<?xml version="1.0" encoding="UTF-8"?>
<coverage generated="1536439558642" clover="3.2.0">
  <project timestamp="1536439558643" name="All files">
    <metrics statements="36" coveredstatements="27" conditionals="5" coveredconditionals="5" methods="17" coveredmethods="15" elements="58" coveredelements="47" complexity="0" loc="36" ncloc="36" packages="5" files="13" classes="13">
      <package name="src">
        <metrics statements="8" coveredstatements="3" conditionals="1" coveredconditionals="1" methods="2" coveredmethods="2"/>
        <file name="App.js" path="/Users/HelgiH/Documents/workspace/personal/nofn/src/App.js">
          <metrics statements="1" coveredstatements="1" conditionals="0" coveredconditionals="0" methods="1" coveredmethods="1"/>
          <line num="12" count="3" type="stmt"/>
        </file>
        <file name="Root.js" path="/Users/HelgiH/Documents/workspace/personal/nofn/src/Root.js">
          <metrics statements="2" coveredstatements="2" conditionals="1" coveredconditionals="1" methods="1" coveredmethods="1"/>
          <line num="8" count="6" type="stmt"/>
          <line num="9" count="6" type="stmt"/>
        </file>
        <file name="index.js" path="/Users/HelgiH/Documents/workspace/personal/nofn/src/index.js">
          <metrics statements="5" coveredstatements="0" conditionals="0" coveredconditionals="0" methods="0" coveredmethods="0"/>
          <line num="1" count="0" type="stmt"/>
          <line num="2" count="0" type="stmt"/>
          <line num="3" count="0" type="stmt"/>
          <line num="4" count="0" type="stmt"/>
          <line num="6" count="0" type="stmt"/>
        </file>
        <file name="setupTests.js" path="/Users/HelgiH/Documents/workspace/personal/nofn/src/setupTests.js">
          <metrics statements="0" coveredstatements="0" conditionals="0" coveredconditionals="0" methods="0" coveredmethods="0"/>
        </file>
      </package>
      <package name="src.actions">
        <metrics statements="8" coveredstatements="8" conditionals="0" coveredconditionals="0" methods="4" coveredmethods="4"/>
        <file name="index.js" path="/Users/HelgiH/Documents/workspace/personal/nofn/src/actions/index.js">
          <metrics statements="6" coveredstatements="6" conditionals="0" coveredconditionals="0" methods="4" coveredmethods="4"/>
          <line num="4" count="4" type="stmt"/>
          <line num="5" count="3" type="stmt"/>
          <line num="11" count="4" type="stmt"/>
          <line num="12" count="1" type="stmt"/>
          <line num="13" count="1" type="stmt"/>
          <line num="14" count="1" type="stmt"/>
        </file>
        <file name="types.js" path="/Users/HelgiH/Documents/workspace/personal/nofn/src/actions/types.js">
          <metrics statements="2" coveredstatements="2" conditionals="0" coveredconditionals="0" methods="0" coveredmethods="0"/>
          <line num="1" count="6" type="stmt"/>
          <line num="2" count="6" type="stmt"/>
        </file>
      </package>
      <package name="src.components">
        <metrics statements="10" coveredstatements="10" conditionals="0" coveredconditionals="0" methods="7" coveredmethods="7"/>
        <file name="input.js" path="/Users/HelgiH/Documents/workspace/personal/nofn/src/components/input.js">
          <metrics statements="5" coveredstatements="5" conditionals="0" coveredconditionals="0" methods="3" coveredmethods="3"/>
          <line num="8" count="3" type="stmt"/>
          <line num="11" count="1" type="stmt"/>
          <line num="13" count="1" type="stmt"/>
          <line num="15" count="1" type="stmt"/>
          <line num="18" count="8" type="stmt"/>
        </file>
        <file name="nameList.js" path="/Users/HelgiH/Documents/workspace/personal/nofn/src/components/nameList.js">
          <metrics statements="5" coveredstatements="5" conditionals="0" coveredconditionals="0" methods="4" coveredmethods="4"/>
          <line num="6" count="4" type="stmt"/>
          <line num="7" count="6" type="stmt"/>
          <line num="15" count="4" type="stmt"/>
          <line num="24" count="3" type="stmt"/>
          <line num="25" count="4" type="stmt"/>
        </file>
      </package>
      <package name="src.reducers">
        <metrics statements="6" coveredstatements="6" conditionals="4" coveredconditionals="4" methods="2" coveredmethods="2"/>
        <file name="index.js" path="/Users/HelgiH/Documents/workspace/personal/nofn/src/reducers/index.js">
          <metrics statements="0" coveredstatements="0" conditionals="0" coveredconditionals="0" methods="0" coveredmethods="0"/>
        </file>
        <file name="signupReducer.js" path="/Users/HelgiH/Documents/workspace/personal/nofn/src/reducers/signupReducer.js">
          <metrics statements="6" coveredstatements="6" conditionals="4" coveredconditionals="4" methods="2" coveredmethods="2"/>
          <line num="4" count="16" type="stmt"/>
          <line num="5" count="16" type="cond" truecount="3" falsecount="0"/>
          <line num="7" count="2" type="stmt"/>
          <line num="9" count="2" type="stmt"/>
          <line num="10" count="1" type="stmt"/>
          <line num="12" count="13" type="stmt"/>
        </file>
      </package>
      <package name="src.views">
        <metrics statements="4" coveredstatements="0" conditionals="0" coveredconditionals="0" methods="2" coveredmethods="0"/>
        <file name="Home.js" path="/Users/HelgiH/Documents/workspace/personal/nofn/src/views/Home.js">
          <metrics statements="1" coveredstatements="0" conditionals="0" coveredconditionals="0" methods="1" coveredmethods="0"/>
          <line num="4" count="0" type="stmt"/>
        </file>
        <file name="Login.js" path="/Users/HelgiH/Documents/workspace/personal/nofn/src/views/Login.js">
          <metrics statements="1" coveredstatements="0" conditionals="0" coveredconditionals="0" methods="1" coveredmethods="0"/>
          <line num="4" count="0" type="stmt"/>
        </file>
        <file name="Signup.js" path="/Users/HelgiH/Documents/workspace/personal/nofn/src/views/Signup.js">
          <metrics statements="2" coveredstatements="0" conditionals="0" coveredconditionals="0" methods="0" coveredmethods="0"/>
          <line num="1" count="0" type="stmt"/>
          <line num="4" count="0" type="stmt"/>
        </file>
      </package>
    </metrics>
  </project>
</coverage>
