{"/Users/HelgiH/Documents/workspace/personal/nofn/src/App.js": {"path":"/Users/HelgiH/Documents/workspace/personal/nofn/src/App.js","statementMap":{"0":{"start":{"line":12,"column":4},"end":{"line":24,"column":6}}},"fnMap":{"0":{"name":"(anonymous_0)","decl":{"start":{"line":11,"column":2},"end":{"line":11,"column":3}},"loc":{"start":{"line":11,"column":11},"end":{"line":25,"column":3}},"line":11}},"branchMap":{},"s":{"0":3},"f":{"0":3},"b":{},"_coverageSchema":"332fd63041d2c1bcb487cc26dd0d5f7d97098a6c","hash":"2ec83d9dfde2398391af520c6b00772b8fa18937"}
,"/Users/HelgiH/Documents/workspace/personal/nofn/src/Root.js": {"path":"/Users/HelgiH/Documents/workspace/personal/nofn/src/Root.js","statementMap":{"0":{"start":{"line":8,"column":16},"end":{"line":8,"column":79}},"1":{"start":{"line":9,"column":2},"end":{"line":9,"column":55}}},"fnMap":{"0":{"name":"(anonymous_0)","decl":{"start":{"line":7,"column":15},"end":{"line":7,"column":16}},"loc":{"start":{"line":7,"column":51},"end":{"line":10,"column":1}},"line":7}},"branchMap":{"0":{"loc":{"start":{"line":7,"column":28},"end":{"line":7,"column":44}},"type":"default-arg","locations":[{"start":{"line":7,"column":42},"end":{"line":7,"column":44}}],"line":7}},"s":{"0":6,"1":6},"f":{"0":6},"b":{"0":[4]},"_coverageSchema":"332fd63041d2c1bcb487cc26dd0d5f7d97098a6c","hash":"2291383cd1aa40039e06d904814cac0d5e91af7c"}
,"/Users/HelgiH/Documents/workspace/personal/nofn/src/index.js": {"path":"/Users/HelgiH/Documents/workspace/personal/nofn/src/index.js","statementMap":{"0":{"start":{"line":1,"column":0},"end":{"line":null,"column":-1}},"1":{"start":{"line":2,"column":0},"end":{"line":null,"column":-1}},"2":{"start":{"line":3,"column":0},"end":{"line":null,"column":-1}},"3":{"start":{"line":4,"column":0},"end":{"line":null,"column":-1}},"4":{"start":{"line":6,"column":0},"end":{"line":null,"column":-1}}},"fnMap":{},"branchMap":{},"s":{"0":0,"1":0,"2":0,"3":0,"4":0},"f":{},"b":{}}
,"/Users/HelgiH/Documents/workspace/personal/nofn/src/setupTests.js": {"path":"/Users/HelgiH/Documents/workspace/personal/nofn/src/setupTests.js","statementMap":{},"fnMap":{},"branchMap":{},"s":{},"f":{},"b":{},"_coverageSchema":"332fd63041d2c1bcb487cc26dd0d5f7d97098a6c","hash":"0b0fe5d36f4fd581c13c9da8930afd708ded8e9d"}
,"/Users/HelgiH/Documents/workspace/personal/nofn/src/actions/index.js": {"path":"/Users/HelgiH/Documents/workspace/personal/nofn/src/actions/index.js","statementMap":{"0":{"start":{"line":4,"column":27},"end":{"line":9,"column":1}},"1":{"start":{"line":5,"column":2},"end":{"line":8,"column":4}},"2":{"start":{"line":11,"column":29},"end":{"line":17,"column":1}},"3":{"start":{"line":12,"column":2},"end":{"line":16,"column":4}},"4":{"start":{"line":13,"column":4},"end":{"line":15,"column":6}},"5":{"start":{"line":14,"column":6},"end":{"line":14,"column":59}}},"fnMap":{"0":{"name":"(anonymous_0)","decl":{"start":{"line":4,"column":27},"end":{"line":4,"column":28}},"loc":{"start":{"line":4,"column":38},"end":{"line":9,"column":1}},"line":4},"1":{"name":"(anonymous_1)","decl":{"start":{"line":11,"column":29},"end":{"line":11,"column":30}},"loc":{"start":{"line":11,"column":35},"end":{"line":17,"column":1}},"line":11},"2":{"name":"(anonymous_2)","decl":{"start":{"line":12,"column":9},"end":{"line":12,"column":10}},"loc":{"start":{"line":12,"column":21},"end":{"line":16,"column":3}},"line":12},"3":{"name":"(anonymous_3)","decl":{"start":{"line":13,"column":67},"end":{"line":13,"column":68}},"loc":{"start":{"line":14,"column":6},"end":{"line":14,"column":59}},"line":14}},"branchMap":{},"s":{"0":4,"1":3,"2":4,"3":1,"4":1,"5":1},"f":{"0":3,"1":1,"2":1,"3":1},"b":{},"_coverageSchema":"332fd63041d2c1bcb487cc26dd0d5f7d97098a6c","hash":"39ee2009f43fe52e1539a28cd2a0f02bdc77ebb5"}
,"/Users/HelgiH/Documents/workspace/personal/nofn/src/actions/types.js": {"path":"/Users/HelgiH/Documents/workspace/personal/nofn/src/actions/types.js","statementMap":{"0":{"start":{"line":1,"column":28},"end":{"line":1,"column":42}},"1":{"start":{"line":2,"column":30},"end":{"line":2,"column":46}}},"fnMap":{},"branchMap":{},"s":{"0":6,"1":6},"f":{},"b":{},"_coverageSchema":"332fd63041d2c1bcb487cc26dd0d5f7d97098a6c","hash":"6a95e9514a1091af4873aa56c99bf3bf2da5e8ac"}
,"/Users/HelgiH/Documents/workspace/personal/nofn/src/components/input.js": {"path":"/Users/HelgiH/Documents/workspace/personal/nofn/src/components/input.js","statementMap":{"0":{"start":{"line":8,"column":4},"end":{"line":8,"column":53}},"1":{"start":{"line":11,"column":4},"end":{"line":11,"column":27}},"2":{"start":{"line":13,"column":4},"end":{"line":13,"column":49}},"3":{"start":{"line":15,"column":4},"end":{"line":15,"column":37}},"4":{"start":{"line":18,"column":4},"end":{"line":31,"column":6}}},"fnMap":{"0":{"name":"(anonymous_0)","decl":{"start":{"line":7,"column":17},"end":{"line":7,"column":18}},"loc":{"start":{"line":7,"column":26},"end":{"line":9,"column":3}},"line":7},"1":{"name":"(anonymous_1)","decl":{"start":{"line":10,"column":17},"end":{"line":10,"column":18}},"loc":{"start":{"line":10,"column":26},"end":{"line":16,"column":3}},"line":10},"2":{"name":"(anonymous_2)","decl":{"start":{"line":17,"column":2},"end":{"line":17,"column":3}},"loc":{"start":{"line":17,"column":11},"end":{"line":32,"column":3}},"line":17}},"branchMap":{},"s":{"0":3,"1":1,"2":1,"3":1,"4":8},"f":{"0":3,"1":1,"2":8},"b":{},"_coverageSchema":"332fd63041d2c1bcb487cc26dd0d5f7d97098a6c","hash":"9c1a7a1542141d8574fa4a025feb04ec0847c24b"}
,"/Users/HelgiH/Documents/workspace/personal/nofn/src/components/nameList.js": {"path":"/Users/HelgiH/Documents/workspace/personal/nofn/src/components/nameList.js","statementMap":{"0":{"start":{"line":6,"column":4},"end":{"line":12,"column":7}},"1":{"start":{"line":7,"column":6},"end":{"line":11,"column":8}},"2":{"start":{"line":15,"column":4},"end":{"line":20,"column":6}},"3":{"start":{"line":24,"column":24},"end":{"line":26,"column":1}},"4":{"start":{"line":25,"column":2},"end":{"line":25,"column":34}}},"fnMap":{"0":{"name":"(anonymous_0)","decl":{"start":{"line":5,"column":2},"end":{"line":5,"column":3}},"loc":{"start":{"line":5,"column":19},"end":{"line":13,"column":3}},"line":5},"1":{"name":"(anonymous_1)","decl":{"start":{"line":6,"column":33},"end":{"line":6,"column":34}},"loc":{"start":{"line":6,"column":44},"end":{"line":12,"column":5}},"line":6},"2":{"name":"(anonymous_2)","decl":{"start":{"line":14,"column":2},"end":{"line":14,"column":3}},"loc":{"start":{"line":14,"column":11},"end":{"line":21,"column":3}},"line":14},"3":{"name":"(anonymous_3)","decl":{"start":{"line":24,"column":24},"end":{"line":24,"column":25}},"loc":{"start":{"line":24,"column":33},"end":{"line":26,"column":1}},"line":24}},"branchMap":{},"s":{"0":4,"1":6,"2":4,"3":3,"4":4},"f":{"0":4,"1":6,"2":4,"3":4},"b":{},"_coverageSchema":"332fd63041d2c1bcb487cc26dd0d5f7d97098a6c","hash":"de8e3e45dcf73a7e0db63d9f3198123f375bc35b"}
,"/Users/HelgiH/Documents/workspace/personal/nofn/src/reducers/index.js": {"path":"/Users/HelgiH/Documents/workspace/personal/nofn/src/reducers/index.js","statementMap":{},"fnMap":{},"branchMap":{},"s":{},"f":{},"b":{},"_coverageSchema":"332fd63041d2c1bcb487cc26dd0d5f7d97098a6c","hash":"526eac0f1f86520d14418f6c274e6af673df3af5"}
,"/Users/HelgiH/Documents/workspace/personal/nofn/src/reducers/signupReducer.js": {"path":"/Users/HelgiH/Documents/workspace/personal/nofn/src/reducers/signupReducer.js","statementMap":{"0":{"start":{"line":4,"column":2},"end":{"line":4,"column":22}},"1":{"start":{"line":5,"column":2},"end":{"line":13,"column":3}},"2":{"start":{"line":7,"column":6},"end":{"line":7,"column":40}},"3":{"start":{"line":9,"column":23},"end":{"line":9,"column":71}},"4":{"start":{"line":9,"column":58},"end":{"line":9,"column":70}},"5":{"start":{"line":10,"column":6},"end":{"line":10,"column":37}},"6":{"start":{"line":12,"column":6},"end":{"line":12,"column":19}}},"fnMap":{"0":{"name":"(anonymous_0)","decl":{"start":{"line":3,"column":15},"end":{"line":3,"column":16}},"loc":{"start":{"line":3,"column":44},"end":{"line":14,"column":1}},"line":3},"1":{"name":"(anonymous_1)","decl":{"start":{"line":9,"column":47},"end":{"line":9,"column":48}},"loc":{"start":{"line":9,"column":58},"end":{"line":9,"column":70}},"line":9}},"branchMap":{"0":{"loc":{"start":{"line":3,"column":24},"end":{"line":3,"column":34}},"type":"default-arg","locations":[{"start":{"line":3,"column":32},"end":{"line":3,"column":34}}],"line":3},"1":{"loc":{"start":{"line":5,"column":2},"end":{"line":13,"column":3}},"type":"switch","locations":[{"start":{"line":6,"column":4},"end":{"line":7,"column":40}},{"start":{"line":8,"column":4},"end":{"line":10,"column":37}},{"start":{"line":11,"column":4},"end":{"line":12,"column":19}}],"line":5}},"s":{"0":16,"1":16,"2":2,"3":1,"4":2,"5":1,"6":13},"f":{"0":16,"1":2},"b":{"0":[10],"1":[2,1,13]},"_coverageSchema":"332fd63041d2c1bcb487cc26dd0d5f7d97098a6c","hash":"678659fcdf74e767d2f8770a9a61734fec46a6db"}
,"/Users/HelgiH/Documents/workspace/personal/nofn/src/views/Home.js": {"path":"/Users/HelgiH/Documents/workspace/personal/nofn/src/views/Home.js","statementMap":{"0":{"start":{"line":4,"column":2},"end":{"line":4,"column":25}}},"fnMap":{"0":{"name":"(anonymous_0)","decl":{"start":{"line":3,"column":15},"end":{"line":3,"column":16}},"loc":{"start":{"line":3,"column":21},"end":{"line":5,"column":1}},"line":3}},"branchMap":{},"s":{"0":0},"f":{"0":0},"b":{},"_coverageSchema":"332fd63041d2c1bcb487cc26dd0d5f7d97098a6c","hash":"b4544d36ded7ff9f49f3332c16af4d468cafb519"}
,"/Users/HelgiH/Documents/workspace/personal/nofn/src/views/Login.js": {"path":"/Users/HelgiH/Documents/workspace/personal/nofn/src/views/Login.js","statementMap":{"0":{"start":{"line":4,"column":2},"end":{"line":4,"column":26}}},"fnMap":{"0":{"name":"(anonymous_0)","decl":{"start":{"line":3,"column":15},"end":{"line":3,"column":16}},"loc":{"start":{"line":3,"column":21},"end":{"line":5,"column":1}},"line":3}},"branchMap":{},"s":{"0":0},"f":{"0":0},"b":{},"_coverageSchema":"332fd63041d2c1bcb487cc26dd0d5f7d97098a6c","hash":"6df101fee68c7af5a99d11ef8fd2becdd1e9e835"}
,"/Users/HelgiH/Documents/workspace/personal/nofn/src/views/Signup.js": {"path":"/Users/HelgiH/Documents/workspace/personal/nofn/src/views/Signup.js","statementMap":{"0":{"start":{"line":1,"column":0},"end":{"line":null,"column":-1}},"1":{"start":{"line":4,"column":2},"end":{"line":null,"column":-1}}},"fnMap":{},"branchMap":{},"s":{"0":0,"1":0},"f":{},"b":{}}
}
