{"/Users/HelgiH/Documents/workspace/personal/nofn/src/App.js": {"path":"/Users/HelgiH/Documents/workspace/personal/nofn/src/App.js","statementMap":{"0":{"start":{"line":12,"column":4},"end":{"line":24,"column":6}}},"fnMap":{"0":{"name":"(anonymous_0)","decl":{"start":{"line":11,"column":2},"end":{"line":11,"column":3}},"loc":{"start":{"line":11,"column":11},"end":{"line":25,"column":3}},"line":11}},"branchMap":{},"s":{"0":2},"f":{"0":2},"b":{},"_coverageSchema":"332fd63041d2c1bcb487cc26dd0d5f7d97098a6c","hash":"2ec83d9dfde2398391af520c6b00772b8fa18937"}
,"/Users/HelgiH/Documents/workspace/personal/nofn/src/index.js": {"path":"/Users/HelgiH/Documents/workspace/personal/nofn/src/index.js","statementMap":{"0":{"start":{"line":1,"column":0},"end":{"line":null,"column":-1}},"1":{"start":{"line":2,"column":0},"end":{"line":null,"column":-1}},"2":{"start":{"line":4,"column":0},"end":{"line":null,"column":-1}},"3":{"start":{"line":6,"column":0},"end":{"line":null,"column":-1}}},"fnMap":{},"branchMap":{},"s":{"0":0,"1":0,"2":0,"3":0},"f":{},"b":{}}
,"/Users/HelgiH/Documents/workspace/personal/nofn/src/setupTests.js": {"path":"/Users/HelgiH/Documents/workspace/personal/nofn/src/setupTests.js","statementMap":{},"fnMap":{},"branchMap":{},"s":{},"f":{},"b":{},"_coverageSchema":"332fd63041d2c1bcb487cc26dd0d5f7d97098a6c","hash":"0b0fe5d36f4fd581c13c9da8930afd708ded8e9d"}
,"/Users/HelgiH/Documents/workspace/personal/nofn/src/components/input.js": {"path":"/Users/HelgiH/Documents/workspace/personal/nofn/src/components/input.js","statementMap":{"0":{"start":{"line":4,"column":2},"end":{"line":4,"column":33}}},"fnMap":{"0":{"name":"(anonymous_0)","decl":{"start":{"line":3,"column":15},"end":{"line":3,"column":16}},"loc":{"start":{"line":3,"column":21},"end":{"line":5,"column":1}},"line":3}},"branchMap":{},"s":{"0":0},"f":{"0":0},"b":{},"_coverageSchema":"332fd63041d2c1bcb487cc26dd0d5f7d97098a6c","hash":"368f5c7cabda4bca461ab810d82670ed2e4f7023"}
,"/Users/HelgiH/Documents/workspace/personal/nofn/src/components/nameList.js": {"path":"/Users/HelgiH/Documents/workspace/personal/nofn/src/components/nameList.js","statementMap":{"0":{"start":{"line":4,"column":2},"end":{"line":4,"column":40}}},"fnMap":{"0":{"name":"(anonymous_0)","decl":{"start":{"line":3,"column":15},"end":{"line":3,"column":16}},"loc":{"start":{"line":3,"column":21},"end":{"line":5,"column":1}},"line":3}},"branchMap":{},"s":{"0":0},"f":{"0":0},"b":{},"_coverageSchema":"332fd63041d2c1bcb487cc26dd0d5f7d97098a6c","hash":"0cdd08234eabb552d07638a3009ce25e38411521"}
,"/Users/HelgiH/Documents/workspace/personal/nofn/src/views/Home.js": {"path":"/Users/HelgiH/Documents/workspace/personal/nofn/src/views/Home.js","statementMap":{"0":{"start":{"line":4,"column":2},"end":{"line":4,"column":25}}},"fnMap":{"0":{"name":"(anonymous_0)","decl":{"start":{"line":3,"column":15},"end":{"line":3,"column":16}},"loc":{"start":{"line":3,"column":21},"end":{"line":5,"column":1}},"line":3}},"branchMap":{},"s":{"0":0},"f":{"0":0},"b":{},"_coverageSchema":"332fd63041d2c1bcb487cc26dd0d5f7d97098a6c","hash":"b4544d36ded7ff9f49f3332c16af4d468cafb519"}
,"/Users/HelgiH/Documents/workspace/personal/nofn/src/views/Login.js": {"path":"/Users/HelgiH/Documents/workspace/personal/nofn/src/views/Login.js","statementMap":{"0":{"start":{"line":4,"column":2},"end":{"line":4,"column":26}}},"fnMap":{"0":{"name":"(anonymous_0)","decl":{"start":{"line":3,"column":15},"end":{"line":3,"column":16}},"loc":{"start":{"line":3,"column":21},"end":{"line":5,"column":1}},"line":3}},"branchMap":{},"s":{"0":0},"f":{"0":0},"b":{},"_coverageSchema":"332fd63041d2c1bcb487cc26dd0d5f7d97098a6c","hash":"6df101fee68c7af5a99d11ef8fd2becdd1e9e835"}
,"/Users/HelgiH/Documents/workspace/personal/nofn/src/views/Signup.js": {"path":"/Users/HelgiH/Documents/workspace/personal/nofn/src/views/Signup.js","statementMap":{"0":{"start":{"line":1,"column":0},"end":{"line":null,"column":-1}},"1":{"start":{"line":4,"column":2},"end":{"line":null,"column":-1}}},"fnMap":{},"branchMap":{},"s":{"0":0,"1":0},"f":{},"b":{}}
}
