TN:
SF:/Users/HelgiH/Documents/workspace/personal/nofn/src/App.js
FN:11,(anonymous_0)
FNF:1
FNH:1
FNDA:3,(anonymous_0)
DA:12,3
LF:1
LH:1
BRF:0
BRH:0
end_of_record
TN:
SF:/Users/HelgiH/Documents/workspace/personal/nofn/src/Root.js
FN:7,(anonymous_0)
FNF:1
FNH:1
FNDA:6,(anonymous_0)
DA:8,6
DA:9,6
LF:2
LH:2
BRDA:7,0,0,4
BRF:1
BRH:1
end_of_record
TN:
SF:/Users/HelgiH/Documents/workspace/personal/nofn/src/index.js
FNF:0
FNH:0
DA:1,0
DA:2,0
DA:3,0
DA:4,0
DA:6,0
LF:5
LH:0
BRF:0
BRH:0
end_of_record
TN:
SF:/Users/HelgiH/Documents/workspace/personal/nofn/src/setupTests.js
FNF:0
FNH:0
LF:0
LH:0
BRF:0
BRH:0
end_of_record
TN:
SF:/Users/HelgiH/Documents/workspace/personal/nofn/src/actions/index.js
FN:4,(anonymous_0)
FN:11,(anonymous_1)
FN:12,(anonymous_2)
FN:13,(anonymous_3)
FNF:4
FNH:4
FNDA:3,(anonymous_0)
FNDA:1,(anonymous_1)
FNDA:1,(anonymous_2)
FNDA:1,(anonymous_3)
DA:4,4
DA:5,3
DA:11,4
DA:12,1
DA:13,1
DA:14,1
LF:6
LH:6
BRF:0
BRH:0
end_of_record
TN:
SF:/Users/HelgiH/Documents/workspace/personal/nofn/src/actions/types.js
FNF:0
FNH:0
DA:1,6
DA:2,6
LF:2
LH:2
BRF:0
BRH:0
end_of_record
TN:
SF:/Users/HelgiH/Documents/workspace/personal/nofn/src/components/input.js
FN:7,(anonymous_0)
FN:10,(anonymous_1)
FN:17,(anonymous_2)
FNF:3
FNH:3
FNDA:3,(anonymous_0)
FNDA:1,(anonymous_1)
FNDA:8,(anonymous_2)
DA:8,3
DA:11,1
DA:13,1
DA:15,1
DA:18,8
LF:5
LH:5
BRF:0
BRH:0
end_of_record
TN:
SF:/Users/HelgiH/Documents/workspace/personal/nofn/src/components/nameList.js
FN:5,(anonymous_0)
FN:6,(anonymous_1)
FN:14,(anonymous_2)
FN:24,(anonymous_3)
FNF:4
FNH:4
FNDA:4,(anonymous_0)
FNDA:6,(anonymous_1)
FNDA:4,(anonymous_2)
FNDA:4,(anonymous_3)
DA:6,4
DA:7,6
DA:15,4
DA:24,3
DA:25,4
LF:5
LH:5
BRF:0
BRH:0
end_of_record
TN:
SF:/Users/HelgiH/Documents/workspace/personal/nofn/src/reducers/index.js
FNF:0
FNH:0
LF:0
LH:0
BRF:0
BRH:0
end_of_record
TN:
SF:/Users/HelgiH/Documents/workspace/personal/nofn/src/reducers/signupReducer.js
FN:3,(anonymous_0)
FN:9,(anonymous_1)
FNF:2
FNH:2
FNDA:16,(anonymous_0)
FNDA:2,(anonymous_1)
DA:4,16
DA:5,16
DA:7,2
DA:9,2
DA:10,1
DA:12,13
LF:6
LH:6
BRDA:3,0,0,10
BRDA:5,1,0,2
BRDA:5,1,1,1
BRDA:5,1,2,13
BRF:4
BRH:4
end_of_record
TN:
SF:/Users/HelgiH/Documents/workspace/personal/nofn/src/views/Home.js
FN:3,(anonymous_0)
FNF:1
FNH:0
FNDA:0,(anonymous_0)
DA:4,0
LF:1
LH:0
BRF:0
BRH:0
end_of_record
TN:
SF:/Users/HelgiH/Documents/workspace/personal/nofn/src/views/Login.js
FN:3,(anonymous_0)
FNF:1
FNH:0
FNDA:0,(anonymous_0)
DA:4,0
LF:1
LH:0
BRF:0
BRH:0
end_of_record
TN:
SF:/Users/HelgiH/Documents/workspace/personal/nofn/src/views/Signup.js
FNF:0
FNH:0
DA:1,0
DA:4,0
LF:2
LH:0
BRF:0
BRH:0
end_of_record
